<?xml version="1.0" encoding="UTF-8"?>
<!-- Generated by org.testng.reporters.JUnitReportReporter -->
<testsuite hostname="VIJAY" failures="0" tests="1" name="testPackage.ActiTimeTestValidLogin" time="12.184" errors="0" timestamp="2023-01-26T15:38:30 IST" skipped="0">
  <testcase classname="testPackage.ActiTimeTestValidLogin" name="validTest" time="12.184"/>
  <system-out/>
</testsuite> <!-- testPackage.ActiTimeTestValidLogin -->
